app/build/intermediates/manifest_merge_blame_file/debug/manifest-merger-blame-debug-report.txt
1<?xml version="1.0" encoding="utf-8"?>
2<manifest xmlns:android="http://schemas.android.com/apk/res/android"
3    package="com.example.picapp"
4    android:versionCode="1"
5    android:versionName="1.0" >
6
7    <uses-sdk
8        android:minSdkVersion="28"
8-->src\main\AndroidManifest.xml
9        android:targetSdkVersion="29" />
9-->src\main\AndroidManifest.xml
10
11    <uses-permission android:name="android.permission.INTERNET" />
11-->src\main\AndroidManifest.xml:4:5-67
11-->src\main\AndroidManifest.xml:4:22-64
12
13    <!-- Although the *SdkVersion is captured in gradle build files, this is required for non gradle builds -->
14    <!-- <uses-sdk android:minSdkVersion="14"/> -->
15    <uses-permission android:name="android.permission.ACCESS_NETWORK_STATE" />
15-->[com.google.firebase:firebase-database:19.3.0] AndroidManifest.xml:25:5-79
15-->[com.google.firebase:firebase-database:19.3.0] AndroidManifest.xml:25:22-76
16
17    <application
17-->src\main\AndroidManifest.xml:5:5-20:19
18        android:allowBackup="true"
18-->src\main\AndroidManifest.xml:7:9-35
19        android:appComponentFactory="androidx.core.app.CoreComponentFactory"
19-->[androidx.core:core:1.1.0] AndroidManifest.xml:24:18-86
20        android:debuggable="true"
21        android:extractNativeLibs="false"
22        android:icon="@mipmap/ic_launcher"
22-->src\main\AndroidManifest.xml:8:9-43
23        android:label="@string/app_name"
23-->src\main\AndroidManifest.xml:9:9-41
24        android:roundIcon="@mipmap/ic_launcher_round"
24-->src\main\AndroidManifest.xml:10:9-54
25        android:supportsRtl="true"
25-->src\main\AndroidManifest.xml:11:9-35
26        android:testOnly="true"
27        android:theme="@style/AppTheme"
27-->src\main\AndroidManifest.xml:12:9-40
28        android:usesCleartextTraffic="true" >
28-->src\main\AndroidManifest.xml:6:9-44
29        <activity android:name="com.example.picapp.MainActivity" >
29-->src\main\AndroidManifest.xml:13:9-19:20
29-->src\main\AndroidManifest.xml:13:19-47
30            <intent-filter>
30-->src\main\AndroidManifest.xml:14:13-18:29
31                <action android:name="android.intent.action.MAIN" />
31-->src\main\AndroidManifest.xml:15:17-69
31-->src\main\AndroidManifest.xml:15:25-66
32
33                <category android:name="android.intent.category.LAUNCHER" />
33-->src\main\AndroidManifest.xml:17:17-77
33-->src\main\AndroidManifest.xml:17:27-74
34            </intent-filter>
35        </activity>
36
37        <service
37-->[com.google.firebase:firebase-database:19.3.0] AndroidManifest.xml:29:9-35:19
38            android:name="com.google.firebase.components.ComponentDiscoveryService"
38-->[com.google.firebase:firebase-database:19.3.0] AndroidManifest.xml:30:13-84
39            android:directBootAware="true"
39-->[com.google.firebase:firebase-common:19.3.0] AndroidManifest.xml:34:13-43
40            android:exported="false" >
40-->[com.google.firebase:firebase-database:19.3.0] AndroidManifest.xml:31:13-37
41            <meta-data
41-->[com.google.firebase:firebase-database:19.3.0] AndroidManifest.xml:32:13-34:85
42                android:name="com.google.firebase.components:com.google.firebase.database.DatabaseRegistrar"
42-->[com.google.firebase:firebase-database:19.3.0] AndroidManifest.xml:33:17-109
43                android:value="com.google.firebase.components.ComponentRegistrar" />
43-->[com.google.firebase:firebase-database:19.3.0] AndroidManifest.xml:34:17-82
44        </service>
45
46        <provider
46-->[com.google.firebase:firebase-common:19.3.0] AndroidManifest.xml:26:9-30:39
47            android:name="com.google.firebase.provider.FirebaseInitProvider"
47-->[com.google.firebase:firebase-common:19.3.0] AndroidManifest.xml:27:13-77
48            android:authorities="com.example.picapp.firebaseinitprovider"
48-->[com.google.firebase:firebase-common:19.3.0] AndroidManifest.xml:28:13-72
49            android:exported="false"
49-->[com.google.firebase:firebase-common:19.3.0] AndroidManifest.xml:29:13-37
50            android:initOrder="100" />
50-->[com.google.firebase:firebase-common:19.3.0] AndroidManifest.xml:30:13-36
51
52        <activity
52-->[com.google.android.gms:play-services-base:17.0.0] AndroidManifest.xml:23:9-26:75
53            android:name="com.google.android.gms.common.api.GoogleApiActivity"
53-->[com.google.android.gms:play-services-base:17.0.0] AndroidManifest.xml:24:13-79
54            android:exported="false"
54-->[com.google.android.gms:play-services-base:17.0.0] AndroidManifest.xml:25:13-37
55            android:theme="@android:style/Theme.Translucent.NoTitleBar" />
55-->[com.google.android.gms:play-services-base:17.0.0] AndroidManifest.xml:26:13-72
56
57        <meta-data
57-->[com.google.android.gms:play-services-basement:17.0.0] AndroidManifest.xml:23:9-25:69
58            android:name="com.google.android.gms.version"
58-->[com.google.android.gms:play-services-basement:17.0.0] AndroidManifest.xml:24:13-58
59            android:value="@integer/google_play_services_version" />
59-->[com.google.android.gms:play-services-basement:17.0.0] AndroidManifest.xml:25:13-66
60
61        <provider
61-->[androidx.lifecycle:lifecycle-process:2.0.0] AndroidManifest.xml:23:9-27:43
62            android:name="androidx.lifecycle.ProcessLifecycleOwnerInitializer"
62-->[androidx.lifecycle:lifecycle-process:2.0.0] AndroidManifest.xml:24:13-79
63            android:authorities="com.example.picapp.lifecycle-process"
63-->[androidx.lifecycle:lifecycle-process:2.0.0] AndroidManifest.xml:25:13-69
64            android:exported="false"
64-->[androidx.lifecycle:lifecycle-process:2.0.0] AndroidManifest.xml:26:13-37
65            android:multiprocess="true" />
65-->[androidx.lifecycle:lifecycle-process:2.0.0] AndroidManifest.xml:27:13-40
66    </application>
67
68</manifest>